<?xml version="1.0" encoding="UTF-8"?>
<!-- Generated by org.testng.reporters.JUnitXMLReporter -->
<testsuite hostname="LAPTOP-6OUD81RG" ignored="0" name="TestNG Groups test ff" tests="3" failures="0" timestamp="23 Feb 2020 18:29:27 GMT" time="87.372" errors="0">
  <testcase name="verifyLoginPageTitle" time="0.023" classname="com.test.LoginTest"/>
  <testcase name="verifyLoginPageHeader" time="0.033" classname="com.test.LoginTest"/>
  <testcase name="verifyLogin" time="10.677" classname="com.test.LoginTest"/>
</testsuite> <!-- TestNG Groups test ff -->
